2025-08-18 20:41:05,879 - INFO - Iniciando script de reinicio automático del servidor
2025-08-18 20:41:05,879 - INFO - Lanzando servidor por primera vez...
2025-08-18 20:41:05,879 - INFO - Iniciando reinicio del servidor...
2025-08-18 20:41:07,908 - INFO - Servidor reiniciado exitosamente
2025-08-18 20:41:07,909 - INFO - Servidor programado para reiniciarse cada hora a la media hora
2025-08-18 20:45:08,079 - INFO - Iniciando reinicio del servidor...
2025-08-18 20:45:10,107 - INFO - Servidor reiniciado exitosamente
2025-08-18 21:45:13,380 - INFO - Iniciando reinicio del servidor...
2025-08-18 21:45:15,412 - INFO - Servidor reiniciado exitosamente
2025-08-18 22:45:18,411 - INFO - Iniciando reinicio del servidor...
2025-08-18 22:45:20,443 - INFO - Servidor reiniciado exitosamente
2025-08-18 23:45:23,399 - INFO - Iniciando reinicio del servidor...
2025-08-18 23:45:25,432 - INFO - Servidor reiniciado exitosamente
2025-08-19 00:45:28,487 - INFO - Iniciando reinicio del servidor...
2025-08-19 00:45:30,518 - INFO - Servidor reiniciado exitosamente
2025-08-19 01:45:33,337 - INFO - Iniciando reinicio del servidor...
2025-08-19 01:45:35,370 - INFO - Servidor reiniciado exitosamente
2025-08-19 02:45:38,207 - INFO - Iniciando reinicio del servidor...
2025-08-19 02:45:40,235 - INFO - Servidor reiniciado exitosamente
2025-08-19 03:45:43,197 - INFO - Iniciando reinicio del servidor...
2025-08-19 03:45:45,229 - INFO - Servidor reiniciado exitosamente
2025-08-19 04:45:48,127 - INFO - Iniciando reinicio del servidor...
2025-08-19 04:45:50,159 - INFO - Servidor reiniciado exitosamente
2025-08-19 05:45:53,023 - INFO - Iniciando reinicio del servidor...
2025-08-19 05:45:55,055 - INFO - Servidor reiniciado exitosamente
2025-08-19 06:45:57,989 - INFO - Iniciando reinicio del servidor...
2025-08-19 06:46:00,021 - INFO - Servidor reiniciado exitosamente
2025-08-19 07:45:02,845 - INFO - Iniciando reinicio del servidor...
2025-08-19 07:45:04,877 - INFO - Servidor reiniciado exitosamente
2025-08-19 08:45:07,747 - INFO - Iniciando reinicio del servidor...
2025-08-19 08:45:09,780 - INFO - Servidor reiniciado exitosamente
2025-08-19 09:45:12,720 - INFO - Iniciando reinicio del servidor...
2025-08-19 09:45:14,752 - INFO - Servidor reiniciado exitosamente
2025-08-19 10:45:17,759 - INFO - Iniciando reinicio del servidor...
2025-08-19 10:45:19,787 - INFO - Servidor reiniciado exitosamente
2025-08-19 11:24:15,591 - INFO - Iniciando script de reinicio automático del servidor
2025-08-19 11:24:15,591 - INFO - Lanzando servidor por primera vez...
2025-08-19 11:24:15,591 - INFO - Iniciando reinicio del servidor...
2025-08-19 11:24:17,621 - INFO - Servidor reiniciado exitosamente
2025-08-19 11:24:17,622 - INFO - Servidor programado para reiniciarse cada hora a la media hora
2025-08-19 11:25:36,704 - INFO - Iniciando script de reinicio automático del servidor
2025-08-19 11:25:36,704 - INFO - Lanzando servidor por primera vez...
2025-08-19 11:25:36,704 - INFO - Iniciando reinicio del servidor...
2025-08-19 11:25:38,734 - INFO - Servidor reiniciado exitosamente
2025-08-19 11:25:38,735 - INFO - Servidor programado para reiniciarse cada hora a la media hora
2025-08-19 11:51:14,264 - INFO - Iniciando script de reinicio automático del servidor
2025-08-19 11:51:14,265 - INFO - Lanzando servidor por primera vez...
2025-08-19 11:51:14,265 - INFO - Iniciando reinicio del servidor...
2025-08-19 11:51:16,294 - INFO - Servidor reiniciado exitosamente
2025-08-19 11:51:16,295 - INFO - Servidor programado para reiniciarse cada hora a la media hora
2025-08-19 12:32:33,758 - INFO - Iniciando script de reinicio automático del servidor
2025-08-19 12:32:33,759 - INFO - Lanzando servidor por primera vez...
2025-08-19 12:32:33,759 - INFO - Iniciando reinicio del servidor...
2025-08-19 12:32:35,790 - INFO - Servidor reiniciado exitosamente
2025-08-19 12:32:35,791 - INFO - Servidor programado para reiniciarse cada hora a la media hora
2025-08-19 12:33:34,439 - INFO - Iniciando script de reinicio automático del servidor
2025-08-19 12:33:34,439 - INFO - Lanzando servidor por primera vez...
2025-08-19 12:33:34,439 - INFO - Iniciando reinicio del servidor...
2025-08-19 12:33:36,469 - INFO - Servidor reiniciado exitosamente
2025-08-19 12:33:36,470 - INFO - Servidor programado para reiniciarse cada hora a la media hora
2025-08-19 12:45:36,965 - INFO - Iniciando reinicio del servidor...
2025-08-19 12:45:38,999 - INFO - Servidor reiniciado exitosamente
2025-08-19 13:45:41,806 - INFO - Iniciando reinicio del servidor...
2025-08-19 13:45:43,841 - INFO - Servidor reiniciado exitosamente
2025-08-19 14:25:50,346 - INFO - Iniciando script de reinicio automático del servidor
2025-08-19 14:25:50,346 - INFO - Lanzando servidor por primera vez...
2025-08-19 14:25:50,347 - INFO - Iniciando reinicio del servidor...
2025-08-19 14:25:52,375 - INFO - Servidor reiniciado exitosamente
2025-08-19 14:25:52,376 - INFO - Servidor programado para reiniciarse cada hora a la media hora
2025-08-19 14:45:53,531 - INFO - Iniciando reinicio del servidor...
2025-08-19 14:45:55,565 - INFO - Servidor reiniciado exitosamente
2025-08-19 15:45:58,647 - INFO - Iniciando reinicio del servidor...
2025-08-19 15:46:00,680 - INFO - Servidor reiniciado exitosamente
2025-08-19 16:41:11,975 - INFO - Iniciando script de reinicio automático del servidor
2025-08-19 16:41:11,975 - INFO - Lanzando servidor por primera vez...
2025-08-19 16:41:11,975 - INFO - Iniciando reinicio del servidor...
2025-08-19 16:41:14,006 - INFO - Servidor reiniciado exitosamente
2025-08-19 16:41:14,007 - INFO - Servidor programado para reiniciarse cada hora a la media hora
2025-08-19 16:45:14,235 - INFO - Iniciando reinicio del servidor...
2025-08-19 16:45:16,269 - INFO - Servidor reiniciado exitosamente
2025-08-19 17:45:19,211 - INFO - Iniciando reinicio del servidor...
2025-08-19 17:45:21,244 - INFO - Servidor reiniciado exitosamente
2025-08-19 18:45:24,549 - INFO - Iniciando reinicio del servidor...
2025-08-19 18:45:26,584 - INFO - Servidor reiniciado exitosamente
2025-08-19 19:45:29,685 - INFO - Iniciando reinicio del servidor...
2025-08-19 19:45:31,719 - INFO - Servidor reiniciado exitosamente
2025-08-19 20:45:34,779 - INFO - Iniciando reinicio del servidor...
2025-08-19 20:45:36,812 - INFO - Servidor reiniciado exitosamente
2025-08-19 21:45:39,743 - INFO - Iniciando reinicio del servidor...
2025-08-19 21:45:41,775 - INFO - Servidor reiniciado exitosamente
2025-08-19 22:45:44,811 - INFO - Iniciando reinicio del servidor...
2025-08-19 22:45:46,844 - INFO - Servidor reiniciado exitosamente
2025-08-19 23:45:49,553 - INFO - Iniciando reinicio del servidor...
2025-08-19 23:45:51,585 - INFO - Servidor reiniciado exitosamente
2025-08-20 00:45:54,723 - INFO - Iniciando reinicio del servidor...
2025-08-20 00:45:56,755 - INFO - Servidor reiniciado exitosamente
2025-08-20 01:45:59,370 - INFO - Iniciando reinicio del servidor...
2025-08-20 01:46:01,403 - INFO - Servidor reiniciado exitosamente
2025-08-20 02:45:04,267 - INFO - Iniciando reinicio del servidor...
2025-08-20 02:45:06,299 - INFO - Servidor reiniciado exitosamente
2025-08-20 03:45:08,939 - INFO - Iniciando reinicio del servidor...
2025-08-20 03:45:10,971 - INFO - Servidor reiniciado exitosamente
2025-08-20 04:45:14,047 - INFO - Iniciando reinicio del servidor...
2025-08-20 04:45:16,079 - INFO - Servidor reiniciado exitosamente
2025-08-20 05:45:19,134 - INFO - Iniciando reinicio del servidor...
2025-08-20 05:45:21,167 - INFO - Servidor reiniciado exitosamente
2025-08-20 06:45:23,711 - INFO - Iniciando reinicio del servidor...
2025-08-20 06:45:25,744 - INFO - Servidor reiniciado exitosamente
2025-08-20 07:45:28,391 - INFO - Iniciando reinicio del servidor...
2025-08-20 07:45:30,423 - INFO - Servidor reiniciado exitosamente
2025-08-20 08:45:33,397 - INFO - Iniciando reinicio del servidor...
2025-08-20 08:45:35,431 - INFO - Servidor reiniciado exitosamente
2025-08-20 09:45:38,207 - INFO - Iniciando reinicio del servidor...
2025-08-20 09:45:40,240 - INFO - Servidor reiniciado exitosamente
2025-08-20 10:45:42,919 - INFO - Iniciando reinicio del servidor...
2025-08-20 10:45:44,953 - INFO - Servidor reiniciado exitosamente
2025-08-20 11:45:47,243 - INFO - Iniciando reinicio del servidor...
2025-08-20 11:45:49,276 - INFO - Servidor reiniciado exitosamente
2025-08-20 12:15:11,115 - INFO - Iniciando script de reinicio automático del servidor
2025-08-20 12:15:11,115 - INFO - Lanzando servidor por primera vez...
2025-08-20 12:15:11,115 - INFO - Iniciando reinicio del servidor...
2025-08-20 12:15:13,146 - INFO - Servidor reiniciado exitosamente
2025-08-20 12:15:13,147 - INFO - Servidor programado para reiniciarse cada hora a la media hora
2025-08-20 12:16:03,384 - INFO - Iniciando script de reinicio automático del servidor
2025-08-20 12:16:03,384 - INFO - Lanzando servidor por primera vez...
2025-08-20 12:16:03,384 - INFO - Iniciando reinicio del servidor...
2025-08-20 12:16:05,415 - INFO - Servidor reiniciado exitosamente
2025-08-20 12:16:05,416 - INFO - Servidor programado para reiniciarse cada hora a la media hora
2025-08-20 12:17:33,849 - INFO - Iniciando script de reinicio automático del servidor
2025-08-20 12:17:33,849 - INFO - Lanzando servidor por primera vez...
2025-08-20 12:17:33,849 - INFO - Iniciando reinicio del servidor...
2025-08-20 12:17:35,882 - INFO - Servidor reiniciado exitosamente
2025-08-20 12:17:35,883 - INFO - Servidor programado para reiniciarse cada hora a la media hora
2025-08-20 12:45:37,347 - INFO - Iniciando reinicio del servidor...
2025-08-20 12:45:39,381 - INFO - Servidor reiniciado exitosamente
2025-08-20 14:16:41,047 - INFO - Iniciando script de reinicio automático del servidor
2025-08-20 14:16:41,047 - INFO - Lanzando servidor por primera vez...
2025-08-20 14:16:41,047 - INFO - Iniciando reinicio del servidor...
2025-08-20 14:16:43,077 - INFO - Servidor reiniciado exitosamente
2025-08-20 14:16:43,078 - INFO - Servidor programado para reiniciarse cada hora a la media hora
2025-08-20 14:45:44,654 - INFO - Iniciando reinicio del servidor...
2025-08-20 14:45:46,688 - INFO - Servidor reiniciado exitosamente
2025-08-20 15:45:49,790 - INFO - Iniciando reinicio del servidor...
2025-08-20 15:45:51,824 - INFO - Servidor reiniciado exitosamente
2025-08-20 16:45:54,897 - INFO - Iniciando reinicio del servidor...
2025-08-20 16:45:56,927 - INFO - Servidor reiniciado exitosamente
2025-08-20 17:45:59,967 - INFO - Iniciando reinicio del servidor...
2025-08-20 17:46:02,000 - INFO - Servidor reiniciado exitosamente
2025-08-20 18:45:05,155 - INFO - Iniciando reinicio del servidor...
2025-08-20 18:45:07,188 - INFO - Servidor reiniciado exitosamente
2025-08-20 19:45:09,959 - INFO - Iniciando reinicio del servidor...
2025-08-20 19:45:11,993 - INFO - Servidor reiniciado exitosamente
2025-08-20 20:45:15,119 - INFO - Iniciando reinicio del servidor...
2025-08-20 20:45:17,149 - INFO - Servidor reiniciado exitosamente
2025-08-20 21:45:19,787 - INFO - Iniciando reinicio del servidor...
2025-08-20 21:45:21,821 - INFO - Servidor reiniciado exitosamente
2025-08-20 22:45:24,647 - INFO - Iniciando reinicio del servidor...
2025-08-20 22:45:26,679 - INFO - Servidor reiniciado exitosamente
2025-08-20 23:45:29,824 - INFO - Iniciando reinicio del servidor...
2025-08-20 23:45:31,856 - INFO - Servidor reiniciado exitosamente
2025-08-21 00:45:34,475 - INFO - Iniciando reinicio del servidor...
2025-08-21 00:45:36,508 - INFO - Servidor reiniciado exitosamente
2025-08-21 01:45:39,323 - INFO - Iniciando reinicio del servidor...
2025-08-21 01:45:41,355 - INFO - Servidor reiniciado exitosamente
2025-08-21 02:45:44,187 - INFO - Iniciando reinicio del servidor...
2025-08-21 02:45:46,219 - INFO - Servidor reiniciado exitosamente
2025-08-21 03:45:48,650 - INFO - Iniciando reinicio del servidor...
2025-08-21 03:45:50,684 - INFO - Servidor reiniciado exitosamente
2025-08-21 04:45:53,603 - INFO - Iniciando reinicio del servidor...
2025-08-21 04:45:55,635 - INFO - Servidor reiniciado exitosamente
2025-08-21 05:45:58,166 - INFO - Iniciando reinicio del servidor...
2025-08-21 05:46:00,198 - INFO - Servidor reiniciado exitosamente
2025-08-21 06:45:02,878 - INFO - Iniciando reinicio del servidor...
2025-08-21 06:45:04,912 - INFO - Servidor reiniciado exitosamente
2025-08-21 07:45:07,699 - INFO - Iniciando reinicio del servidor...
2025-08-21 07:45:09,732 - INFO - Servidor reiniciado exitosamente
2025-08-21 08:45:12,503 - INFO - Iniciando reinicio del servidor...
2025-08-21 08:45:14,536 - INFO - Servidor reiniciado exitosamente
2025-08-21 09:45:17,375 - INFO - Iniciando reinicio del servidor...
2025-08-21 09:45:19,406 - INFO - Servidor reiniciado exitosamente
2025-08-21 10:45:22,298 - INFO - Iniciando reinicio del servidor...
2025-08-21 10:45:24,325 - INFO - Servidor reiniciado exitosamente
2025-08-21 11:21:42,434 - INFO - Iniciando script de reinicio automático del servidor
2025-08-21 11:21:42,434 - INFO - Lanzando servidor por primera vez...
2025-08-21 11:21:42,435 - INFO - Iniciando reinicio del servidor...
2025-08-21 11:21:44,461 - INFO - Servidor reiniciado exitosamente
2025-08-21 11:21:44,461 - INFO - Servidor programado para reiniciarse cada hora a la media hora
2025-08-21 11:45:45,539 - INFO - Iniciando reinicio del servidor...
2025-08-21 11:45:47,572 - INFO - Servidor reiniciado exitosamente
2025-08-21 12:45:50,343 - INFO - Iniciando reinicio del servidor...
2025-08-21 12:45:52,377 - INFO - Servidor reiniciado exitosamente
2025-08-21 13:45:55,383 - INFO - Iniciando reinicio del servidor...
2025-08-21 13:45:57,413 - INFO - Servidor reiniciado exitosamente
2025-08-21 14:45:00,071 - INFO - Iniciando reinicio del servidor...
2025-08-21 14:45:02,104 - INFO - Servidor reiniciado exitosamente
2025-08-21 15:45:04,981 - INFO - Iniciando reinicio del servidor...
2025-08-21 15:45:07,013 - INFO - Servidor reiniciado exitosamente
2025-08-21 16:45:09,894 - INFO - Iniciando reinicio del servidor...
2025-08-21 16:45:11,929 - INFO - Servidor reiniciado exitosamente
2025-08-21 17:45:14,787 - INFO - Iniciando reinicio del servidor...
2025-08-21 17:45:16,821 - INFO - Servidor reiniciado exitosamente
2025-08-21 18:45:19,659 - INFO - Iniciando reinicio del servidor...
2025-08-21 18:45:21,692 - INFO - Servidor reiniciado exitosamente
2025-08-21 19:45:24,479 - INFO - Iniciando reinicio del servidor...
2025-08-21 19:45:26,512 - INFO - Servidor reiniciado exitosamente
2025-08-21 20:45:28,954 - INFO - Iniciando reinicio del servidor...
2025-08-21 20:45:30,988 - INFO - Servidor reiniciado exitosamente
2025-08-21 21:45:33,951 - INFO - Iniciando reinicio del servidor...
2025-08-21 21:45:35,984 - INFO - Servidor reiniciado exitosamente
2025-08-21 22:45:38,575 - INFO - Iniciando reinicio del servidor...
2025-08-21 22:45:40,604 - INFO - Servidor reiniciado exitosamente
2025-08-21 23:45:43,391 - INFO - Iniciando reinicio del servidor...
2025-08-21 23:45:45,425 - INFO - Servidor reiniciado exitosamente
2025-08-22 00:45:48,510 - INFO - Iniciando reinicio del servidor...
2025-08-22 00:45:50,544 - INFO - Servidor reiniciado exitosamente
2025-08-22 01:45:53,831 - INFO - Iniciando reinicio del servidor...
2025-08-22 01:45:55,865 - INFO - Servidor reiniciado exitosamente
2025-08-22 02:45:58,462 - INFO - Iniciando reinicio del servidor...
2025-08-22 02:46:00,497 - INFO - Servidor reiniciado exitosamente
2025-08-22 03:45:03,315 - INFO - Iniciando reinicio del servidor...
2025-08-22 03:45:05,348 - INFO - Servidor reiniciado exitosamente
2025-08-22 04:45:08,139 - INFO - Iniciando reinicio del servidor...
2025-08-22 04:45:10,169 - INFO - Servidor reiniciado exitosamente
2025-08-22 05:45:13,271 - INFO - Iniciando reinicio del servidor...
2025-08-22 05:45:15,304 - INFO - Servidor reiniciado exitosamente
2025-08-22 06:45:18,347 - INFO - Iniciando reinicio del servidor...
2025-08-22 06:45:20,380 - INFO - Servidor reiniciado exitosamente
2025-08-22 07:45:23,495 - INFO - Iniciando reinicio del servidor...
2025-08-22 07:45:25,528 - INFO - Servidor reiniciado exitosamente
2025-08-22 08:45:28,451 - INFO - Iniciando reinicio del servidor...
2025-08-22 08:45:30,485 - INFO - Servidor reiniciado exitosamente
2025-08-22 09:45:33,179 - INFO - Iniciando reinicio del servidor...
2025-08-22 09:45:35,212 - INFO - Servidor reiniciado exitosamente
2025-08-22 10:45:37,654 - INFO - Iniciando reinicio del servidor...
2025-08-22 10:45:39,687 - INFO - Servidor reiniciado exitosamente
2025-08-22 11:45:42,423 - INFO - Iniciando reinicio del servidor...
2025-08-22 11:45:44,452 - INFO - Servidor reiniciado exitosamente
2025-08-22 12:45:47,591 - INFO - Iniciando reinicio del servidor...
2025-08-22 12:45:49,625 - INFO - Servidor reiniciado exitosamente
2025-08-22 13:16:02,928 - INFO - Iniciando script de reinicio automático del servidor
2025-08-22 13:16:02,928 - INFO - Lanzando servidor por primera vez...
2025-08-22 13:16:02,928 - INFO - Iniciando reinicio del servidor...
2025-08-22 13:16:04,958 - INFO - Servidor reiniciado exitosamente
2025-08-22 13:16:04,959 - INFO - Servidor programado para reiniciarse cada hora a la media hora
2025-08-22 13:26:22,449 - INFO - Iniciando script de reinicio automático del servidor
2025-08-22 13:26:22,450 - INFO - Lanzando servidor por primera vez...
2025-08-22 13:26:22,450 - INFO - Iniciando reinicio del servidor...
2025-08-22 13:26:24,479 - INFO - Servidor reiniciado exitosamente
2025-08-22 13:26:24,480 - INFO - Servidor programado para reiniciarse cada hora a la media hora
2025-08-22 13:39:36,489 - INFO - Iniciando script de reinicio automático del servidor
2025-08-22 13:39:36,489 - INFO - Lanzando servidor por primera vez...
2025-08-22 13:39:36,489 - INFO - Iniciando reinicio del servidor...
2025-08-22 13:39:38,521 - INFO - Servidor reiniciado exitosamente
2025-08-22 13:39:38,522 - INFO - Servidor programado para reiniciarse cada hora a la media hora
2025-08-22 13:45:38,827 - INFO - Iniciando reinicio del servidor...
2025-08-22 13:45:40,855 - INFO - Servidor reiniciado exitosamente
2025-08-22 14:45:43,823 - INFO - Iniciando reinicio del servidor...
2025-08-22 14:45:45,857 - INFO - Servidor reiniciado exitosamente
2025-08-22 15:45:48,659 - INFO - Iniciando reinicio del servidor...
2025-08-22 15:45:50,688 - INFO - Servidor reiniciado exitosamente
